<?xml version="1.0" encoding="UTF-8"?>
<testng-results ignored="0" total="2" passed="2" failed="0" skipped="0">
  <reporter-output>
  </reporter-output>
  <suite started-at="2021-06-28T14:32:24 EET" name="Default suite" finished-at="2021-06-28T14:32:28 EET" duration-ms="4457">
    <groups>
    </groups>
    <test started-at="2021-06-28T14:32:24 EET" name="Default test" finished-at="2021-06-28T14:32:28 EET" duration-ms="4457">
      <class name="Restful_Api.Test_Get">
        <test-method signature="List_user()[pri:1, instance:Restful_Api.Test_Get@306cf3ea]" started-at="2021-06-28T14:32:24 EET" name="List_user" finished-at="2021-06-28T14:32:28 EET" duration-ms="3598" status="PASS">
          <reporter-output>
          </reporter-output>
        </test-method> <!-- List_user -->
        <test-method signature="Single_user_not_fount()[pri:2, instance:Restful_Api.Test_Get@306cf3ea]" started-at="2021-06-28T14:32:28 EET" name="Single_user_not_fount" finished-at="2021-06-28T14:32:28 EET" duration-ms="774" status="PASS">
          <reporter-output>
          </reporter-output>
        </test-method> <!-- Single_user_not_fount -->
      </class> <!-- Restful_Api.Test_Get -->
    </test> <!-- Default test -->
  </suite> <!-- Default suite -->
</testng-results>
